<?xml version="1.0" encoding="UTF-8"?>
<testsuite name="org.ektqa.webdriver.fiscal.TestFiscalUDIConfiguration" tests="2" skipped="0" failures="0" errors="0" timestamp="2015-12-19T00:11:25" hostname="EKT1052718" time="8.899">
  <properties/>
  <testcase name="selectMexicoAndBAZBus" classname="org.ektqa.webdriver.fiscal.TestFiscalUDIConfiguration" time="0.66"/>
  <testcase name="verifyUDIsAreAvailableForConfiguration" classname="org.ektqa.webdriver.fiscal.TestFiscalUDIConfiguration" time="8.236"/>
  <system-out><![CDATA[]]></system-out>
  <system-err><![CDATA[]]></system-err>
</testsuite>
