<?xml version="1.0" encoding="UTF-8"?>
<!-- Generated by org.testng.reporters.JUnitReportReporter -->
<testsuite hostname="EKT1052718" name="org.ektqa.webdriver.fiscal.TestFiscalUDIConfiguration" tests="2" failures="0" timestamp="19 Dec 2015 00:12:39 GMT" time="8.896" errors="0">
  <testcase name="selectMexicoAndBAZBus" time="0.660" classname="org.ektqa.webdriver.fiscal.TestFiscalUDIConfiguration"/>
  <testcase name="verifyUDIsAreAvailableForConfiguration" time="8.236" classname="org.ektqa.webdriver.fiscal.TestFiscalUDIConfiguration"/>
</testsuite> <!-- org.ektqa.webdriver.fiscal.TestFiscalUDIConfiguration -->
